Start testing: Dec 01 12:50 EST
----------------------------------------------------------
1/2 Testing: AllocatorTests
1/2 Test: AllocatorTests
Command: "/home/randy/._____RANDY_____/REPOS/aria/build/tests/test_allocator"
Directory: /home/randy/._____RANDY_____/REPOS/aria/build/tests
"AllocatorTests" start time: Dec 01 12:50 EST
Output:
----------------------------------------------------------
========================================
  Aria Memory Allocator Unit Tests
========================================

[PASS] basic_allocation
[PASS] zero_allocation
[PASS] large_allocation
[PASS] multiple_allocations
[PASS] reallocation
[PASS] aligned_allocation
[PASS] thread_safety
[PASS] double_free_safety

========================================
  Test Summary
========================================
Total Tests: 8
Passed: 8
Failed: 0

<end of output>
Test time =  35.49 sec
----------------------------------------------------------
Test Failed.
"AllocatorTests" end time: Dec 01 12:51 EST
"AllocatorTests" time elapsed: 00:00:35
----------------------------------------------------------

2/2 Testing: GCHeaderTests
2/2 Test: GCHeaderTests
Command: "/home/randy/._____RANDY_____/REPOS/aria/build/tests/test_gc_header"
Directory: /home/randy/._____RANDY_____/REPOS/aria/build/tests
"GCHeaderTests" start time: Dec 01 12:51 EST
Output:
----------------------------------------------------------
========================================
  Aria GC Header Unit Tests
========================================

[PASS] header_size
[PASS] mark_bit
[PASS] pinned_bit
[PASS] forwarded_bit
[PASS] generation_flag
[PASS] size_class
[PASS] type_id
[PASS] field_independence
[PASS] memory_layout
[PASS] pinned_object_simulation
[PASS] gc_mark_phase
[PASS] object_promotion

========================================
  Test Summary
========================================
Total Tests: 12
Passed: 12
Failed: 0

<end of output>
Test time =   0.00 sec
----------------------------------------------------------
Test Passed.
"GCHeaderTests" end time: Dec 01 12:51 EST
"GCHeaderTests" time elapsed: 00:00:00
----------------------------------------------------------

End testing: Dec 01 12:51 EST
